{"/home/kayck/Documentos/projeto22-newbets-back/factories/betFactory.ts": {"path":"/home/kayck/Documentos/projeto22-newbets-back/factories/betFactory.ts","statementMap":{"0":{"start":{"line":1,"column":0},"end":{"line":1,"column":37}},"1":{"start":{"line":7,"column":4},"end":{"line":17,"column":null}},"2":{"start":{"line":6,"column":0},"end":{"line":6,"column":22}},"3":{"start":{"line":21,"column":4},"end":{"line":32,"column":null}},"4":{"start":{"line":20,"column":0},"end":{"line":20,"column":22}},"5":{"start":{"line":36,"column":4},"end":{"line":47,"column":null}},"6":{"start":{"line":35,"column":0},"end":{"line":35,"column":22}},"7":{"start":{"line":51,"column":4},"end":{"line":56,"column":null}},"8":{"start":{"line":50,"column":0},"end":{"line":50,"column":22}},"9":{"start":{"line":60,"column":4},"end":{"line":66,"column":null}},"10":{"start":{"line":59,"column":0},"end":{"line":59,"column":22}},"11":{"start":{"line":70,"column":4},"end":{"line":76,"column":null}},"12":{"start":{"line":69,"column":0},"end":{"line":69,"column":22}}},"fnMap":{"0":{"name":"createBetOptionsArrayTest","decl":{"start":{"line":6,"column":22},"end":{"line":6,"column":47}},"loc":{"start":{"line":6,"column":47},"end":{"line":18,"column":null}}},"1":{"name":"createBetGoalsArrayTest","decl":{"start":{"line":20,"column":22},"end":{"line":20,"column":45}},"loc":{"start":{"line":20,"column":45},"end":{"line":33,"column":null}}},"2":{"name":"createBetScoresArrayTest","decl":{"start":{"line":35,"column":22},"end":{"line":35,"column":46}},"loc":{"start":{"line":35,"column":46},"end":{"line":48,"column":null}}},"3":{"name":"createBetOptionsTest","decl":{"start":{"line":50,"column":22},"end":{"line":50,"column":42}},"loc":{"start":{"line":50,"column":64},"end":{"line":57,"column":null}}},"4":{"name":"createBetGoalsTest","decl":{"start":{"line":59,"column":22},"end":{"line":59,"column":40}},"loc":{"start":{"line":59,"column":62},"end":{"line":67,"column":null}}},"5":{"name":"createBetScoresTest","decl":{"start":{"line":69,"column":22},"end":{"line":69,"column":41}},"loc":{"start":{"line":69,"column":63},"end":{"line":77,"column":null}}}},"branchMap":{},"s":{"0":2,"1":1,"2":2,"3":1,"4":2,"5":1,"6":2,"7":2,"8":2,"9":1,"10":2,"11":1,"12":2},"f":{"0":1,"1":1,"2":1,"3":2,"4":1,"5":1},"b":{}}
,"/home/kayck/Documentos/projeto22-newbets-back/factories/bodyFactory.ts": {"path":"/home/kayck/Documentos/projeto22-newbets-back/factories/bodyFactory.ts","statementMap":{"0":{"start":{"line":1,"column":0},"end":{"line":1,"column":37}},"1":{"start":{"line":4,"column":19},"end":{"line":4,"column":48}},"2":{"start":{"line":5,"column":15},"end":{"line":11,"column":null}},"3":{"start":{"line":12,"column":4},"end":{"line":12,"column":16}},"4":{"start":{"line":3,"column":0},"end":{"line":3,"column":22}},"5":{"start":{"line":16,"column":15},"end":{"line":22,"column":null}},"6":{"start":{"line":23,"column":4},"end":{"line":23,"column":16}},"7":{"start":{"line":15,"column":0},"end":{"line":15,"column":22}}},"fnMap":{"0":{"name":"createPostAuthTestBody","decl":{"start":{"line":3,"column":22},"end":{"line":3,"column":44}},"loc":{"start":{"line":3,"column":44},"end":{"line":13,"column":null}}},"1":{"name":"createPostAuthTestBodyFail","decl":{"start":{"line":15,"column":22},"end":{"line":15,"column":48}},"loc":{"start":{"line":15,"column":48},"end":{"line":24,"column":null}}}},"branchMap":{},"s":{"0":2,"1":7,"2":7,"3":7,"4":2,"5":1,"6":1,"7":2},"f":{"0":7,"1":1},"b":{}}
,"/home/kayck/Documentos/projeto22-newbets-back/factories/tokenFactory.ts": {"path":"/home/kayck/Documentos/projeto22-newbets-back/factories/tokenFactory.ts","statementMap":{"0":{"start":{"line":1,"column":0},"end":{"line":1,"column":30}},"1":{"start":{"line":2,"column":0},"end":{"line":2,"column":34}},"2":{"start":{"line":3,"column":0},"end":{"line":3,"column":54}},"3":{"start":{"line":4,"column":0},"end":{"line":4,"column":68}},"4":{"start":{"line":7,"column":21},"end":{"line":7,"column":51}},"5":{"start":{"line":8,"column":19},"end":{"line":8,"column":72}},"6":{"start":{"line":10,"column":4},"end":{"line":10,"column":null}},"7":{"start":{"line":12,"column":20},"end":{"line":15,"column":null}},"8":{"start":{"line":17,"column":19},"end":{"line":17,"column":70}},"9":{"start":{"line":18,"column":4},"end":{"line":18,"column":null}},"10":{"start":{"line":6,"column":0},"end":{"line":6,"column":30}}},"fnMap":{"0":{"name":"tokenTestFactory","decl":{"start":{"line":6,"column":30},"end":{"line":6,"column":46}},"loc":{"start":{"line":6,"column":46},"end":{"line":19,"column":null}}}},"branchMap":{},"s":{"0":2,"1":2,"2":2,"3":2,"4":4,"5":4,"6":4,"7":4,"8":4,"9":4,"10":2},"f":{"0":4},"b":{}}
,"/home/kayck/Documentos/projeto22-newbets-back/src/database.ts": {"path":"/home/kayck/Documentos/projeto22-newbets-back/src/database.ts","statementMap":{"0":{"start":{"line":1,"column":0},"end":{"line":1,"column":32}},"1":{"start":{"line":3,"column":25},"end":{"line":3,"column":28}},"2":{"start":{"line":4,"column":15},"end":{"line":4,"column":33}},"3":{"start":{"line":5,"column":0},"end":{"line":5,"column":null}}},"fnMap":{},"branchMap":{},"s":{"0":2,"1":2,"2":2,"3":2},"f":{},"b":{}}
,"/home/kayck/Documentos/projeto22-newbets-back/src/index.ts": {"path":"/home/kayck/Documentos/projeto22-newbets-back/src/index.ts","statementMap":{"0":{"start":{"line":1,"column":0},"end":{"line":1,"column":38}},"1":{"start":{"line":2,"column":0},"end":{"line":2,"column":29}},"2":{"start":{"line":3,"column":0},"end":{"line":3,"column":28}},"3":{"start":{"line":4,"column":0},"end":{"line":4,"column":24}},"4":{"start":{"line":5,"column":0},"end":{"line":5,"column":64}},"5":{"start":{"line":6,"column":0},"end":{"line":6,"column":36}},"6":{"start":{"line":8,"column":0},"end":{"line":8,"column":16}},"7":{"start":{"line":10,"column":12},"end":{"line":10,"column":21}},"8":{"start":{"line":12,"column":0},"end":{"line":12,"column":16}},"9":{"start":{"line":13,"column":0},"end":{"line":13,"column":16}},"10":{"start":{"line":14,"column":0},"end":{"line":14,"column":16}},"11":{"start":{"line":15,"column":0},"end":{"line":15,"column":null}},"12":{"start":{"line":17,"column":0},"end":{"line":17,"column":19}}},"fnMap":{},"branchMap":{},"s":{"0":2,"1":2,"2":2,"3":2,"4":2,"5":2,"6":2,"7":2,"8":2,"9":2,"10":2,"11":2,"12":2},"f":{},"b":{}}
,"/home/kayck/Documentos/projeto22-newbets-back/src/controllers/authControllers.ts": {"path":"/home/kayck/Documentos/projeto22-newbets-back/src/controllers/authControllers.ts","statementMap":{"0":{"start":{"line":2,"column":0},"end":{"line":2,"column":107}},"1":{"start":{"line":3,"column":0},"end":{"line":3,"column":138}},"2":{"start":{"line":6,"column":60},"end":{"line":6,"column":68}},"3":{"start":{"line":7,"column":26},"end":{"line":7,"column":86}},"4":{"start":{"line":8,"column":4},"end":{"line":8,"column":44}},"5":{"start":{"line":5,"column":0},"end":{"line":5,"column":22}},"6":{"start":{"line":12,"column":32},"end":{"line":12,"column":40}},"7":{"start":{"line":13,"column":33},"end":{"line":13,"column":67}},"8":{"start":{"line":15,"column":4},"end":{"line":15,"column":null}},"9":{"start":{"line":16,"column":4},"end":{"line":16,"column":null}},"10":{"start":{"line":17,"column":4},"end":{"line":17,"column":null}},"11":{"start":{"line":19,"column":24},"end":{"line":19,"column":63}},"12":{"start":{"line":21,"column":4},"end":{"line":25,"column":7}},"13":{"start":{"line":11,"column":0},"end":{"line":11,"column":22}},"14":{"start":{"line":29,"column":28},"end":{"line":29,"column":38}},"15":{"start":{"line":30,"column":4},"end":{"line":30,"column":null}},"16":{"start":{"line":31,"column":4},"end":{"line":31,"column":null}},"17":{"start":{"line":28,"column":0},"end":{"line":28,"column":22}},"18":{"start":{"line":35,"column":18},"end":{"line":35,"column":26}},"19":{"start":{"line":36,"column":4},"end":{"line":36,"column":null}},"20":{"start":{"line":37,"column":4},"end":{"line":37,"column":null}},"21":{"start":{"line":34,"column":0},"end":{"line":34,"column":22}}},"fnMap":{"0":{"name":"signUp","decl":{"start":{"line":5,"column":22},"end":{"line":5,"column":28}},"loc":{"start":{"line":5,"column":54},"end":{"line":9,"column":null}}},"1":{"name":"login","decl":{"start":{"line":11,"column":22},"end":{"line":11,"column":27}},"loc":{"start":{"line":11,"column":53},"end":{"line":26,"column":null}}},"2":{"name":"activation","decl":{"start":{"line":28,"column":22},"end":{"line":28,"column":32}},"loc":{"start":{"line":28,"column":58},"end":{"line":32,"column":null}}},"3":{"name":"resendEmail","decl":{"start":{"line":34,"column":22},"end":{"line":34,"column":33}},"loc":{"start":{"line":34,"column":59},"end":{"line":38,"column":null}}}},"branchMap":{},"s":{"0":2,"1":2,"2":7,"3":7,"4":7,"5":2,"6":6,"7":6,"8":4,"9":4,"10":4,"11":4,"12":4,"13":2,"14":0,"15":0,"16":0,"17":2,"18":0,"19":0,"20":0,"21":2},"f":{"0":7,"1":6,"2":0,"3":0},"b":{}}
,"/home/kayck/Documentos/projeto22-newbets-back/src/controllers/betControllers.ts": {"path":"/home/kayck/Documentos/projeto22-newbets-back/src/controllers/betControllers.ts","statementMap":{"0":{"start":{"line":2,"column":0},"end":{"line":2,"column":130}},"1":{"start":{"line":5,"column":19},"end":{"line":5,"column":32}},"2":{"start":{"line":6,"column":39},"end":{"line":6,"column":47}},"3":{"start":{"line":7,"column":25},"end":{"line":7,"column":105}},"4":{"start":{"line":8,"column":4},"end":{"line":8,"column":null}},"5":{"start":{"line":4,"column":0},"end":{"line":4,"column":22}},"6":{"start":{"line":12,"column":25},"end":{"line":12,"column":35}},"7":{"start":{"line":13,"column":19},"end":{"line":13,"column":32}},"8":{"start":{"line":14,"column":44},"end":{"line":14,"column":52}},"9":{"start":{"line":15,"column":25},"end":{"line":15,"column":121}},"10":{"start":{"line":16,"column":4},"end":{"line":16,"column":null}},"11":{"start":{"line":11,"column":0},"end":{"line":11,"column":22}},"12":{"start":{"line":20,"column":19},"end":{"line":20,"column":32}},"13":{"start":{"line":21,"column":53},"end":{"line":21,"column":61}},"14":{"start":{"line":22,"column":25},"end":{"line":22,"column":126}},"15":{"start":{"line":23,"column":4},"end":{"line":23,"column":null}},"16":{"start":{"line":19,"column":0},"end":{"line":19,"column":22}},"17":{"start":{"line":27,"column":19},"end":{"line":27,"column":32}},"18":{"start":{"line":28,"column":19},"end":{"line":28,"column":50}},"19":{"start":{"line":29,"column":4},"end":{"line":29,"column":null}},"20":{"start":{"line":26,"column":0},"end":{"line":26,"column":22}}},"fnMap":{"0":{"name":"createBetOptions","decl":{"start":{"line":4,"column":22},"end":{"line":4,"column":38}},"loc":{"start":{"line":4,"column":64},"end":{"line":9,"column":null}}},"1":{"name":"createBetGoals","decl":{"start":{"line":11,"column":22},"end":{"line":11,"column":36}},"loc":{"start":{"line":11,"column":62},"end":{"line":17,"column":null}}},"2":{"name":"createBetScores","decl":{"start":{"line":19,"column":22},"end":{"line":19,"column":37}},"loc":{"start":{"line":19,"column":63},"end":{"line":24,"column":null}}},"3":{"name":"getHistory","decl":{"start":{"line":26,"column":22},"end":{"line":26,"column":32}},"loc":{"start":{"line":26,"column":58},"end":{"line":30,"column":null}}}},"branchMap":{},"s":{"0":2,"1":2,"2":2,"3":2,"4":1,"5":2,"6":1,"7":1,"8":1,"9":1,"10":1,"11":2,"12":1,"13":1,"14":1,"15":1,"16":2,"17":1,"18":1,"19":1,"20":2},"f":{"0":2,"1":1,"2":1,"3":1},"b":{}}
,"/home/kayck/Documentos/projeto22-newbets-back/src/middlewares/errorHandler.ts": {"path":"/home/kayck/Documentos/projeto22-newbets-back/src/middlewares/errorHandler.ts","statementMap":{"0":{"start":{"line":3,"column":15},"end":{"line":8,"column":2}},"1":{"start":{"line":12,"column":25},"end":{"line":12,"column":30}},"2":{"start":{"line":14,"column":19},"end":{"line":14,"column":31}},"3":{"start":{"line":15,"column":2},"end":{"line":15,"column":36}},"4":{"start":{"line":15,"column":19},"end":{"line":15,"column":36}},"5":{"start":{"line":17,"column":2},"end":{"line":17,"column":21}},"6":{"start":{"line":18,"column":2},"end":{"line":18,"column":46}},"7":{"start":{"line":10,"column":0},"end":{"line":10,"column":24}}},"fnMap":{"0":{"name":"errorHandlerMiddleware","decl":{"start":{"line":10,"column":24},"end":{"line":10,"column":46}},"loc":{"start":{"line":10,"column":102},"end":{"line":19,"column":1}}}},"branchMap":{"0":{"loc":{"start":{"line":15,"column":2},"end":{"line":15,"column":36}},"type":"if","locations":[{"start":{"line":15,"column":2},"end":{"line":15,"column":36}}]}},"s":{"0":2,"1":4,"2":4,"3":4,"4":0,"5":4,"6":4,"7":2},"f":{"0":4},"b":{"0":[0]}}
,"/home/kayck/Documentos/projeto22-newbets-back/src/middlewares/notFoundError.ts": {"path":"/home/kayck/Documentos/projeto22-newbets-back/src/middlewares/notFoundError.ts","statementMap":{"0":{"start":{"line":2,"column":1},"end":{"line":5,"column":3}},"1":{"start":{"line":1,"column":0},"end":{"line":1,"column":24}}},"fnMap":{"0":{"name":"notFoundError","decl":{"start":{"line":1,"column":24},"end":{"line":1,"column":37}},"loc":{"start":{"line":1,"column":51},"end":{"line":6,"column":1}}}},"branchMap":{},"s":{"0":0,"1":2},"f":{"0":0},"b":{}}
,"/home/kayck/Documentos/projeto22-newbets-back/src/middlewares/schemaMiddleware.ts": {"path":"/home/kayck/Documentos/projeto22-newbets-back/src/middlewares/schemaMiddleware.ts","statementMap":{"0":{"start":{"line":5,"column":4},"end":{"line":12,"column":null}},"1":{"start":{"line":6,"column":22},"end":{"line":6,"column":68}},"2":{"start":{"line":7,"column":6},"end":{"line":10,"column":null}},"3":{"start":{"line":8,"column":8},"end":{"line":8,"column":null}},"4":{"start":{"line":9,"column":8},"end":{"line":9,"column":null}},"5":{"start":{"line":11,"column":6},"end":{"line":11,"column":13}},"6":{"start":{"line":4,"column":0},"end":{"line":4,"column":17}},"7":{"start":{"line":14,"column":0},"end":{"line":14,"column":40}}},"fnMap":{"0":{"name":"schemaValidateMiddleware","decl":{"start":{"line":4,"column":17},"end":{"line":4,"column":41}},"loc":{"start":{"line":4,"column":48},"end":{"line":13,"column":3}}},"1":{"name":"(anonymous_1)","decl":{"start":{"line":5,"column":11},"end":{"line":5,"column":12}},"loc":{"start":{"line":5,"column":60},"end":{"line":12,"column":5}}}},"branchMap":{"0":{"loc":{"start":{"line":7,"column":6},"end":{"line":10,"column":null}},"type":"if","locations":[{"start":{"line":7,"column":6},"end":{"line":10,"column":null}}]}},"s":{"0":12,"1":18,"2":18,"3":1,"4":1,"5":17,"6":2,"7":2},"f":{"0":12,"1":18},"b":{"0":[1]}}
,"/home/kayck/Documentos/projeto22-newbets-back/src/middlewares/tokenValidation.ts": {"path":"/home/kayck/Documentos/projeto22-newbets-back/src/middlewares/tokenValidation.ts","statementMap":{"0":{"start":{"line":1,"column":0},"end":{"line":1,"column":31}},"1":{"start":{"line":3,"column":0},"end":{"line":3,"column":44}},"2":{"start":{"line":6,"column":30},"end":{"line":6,"column":41}},"3":{"start":{"line":7,"column":18},"end":{"line":7,"column":72}},"4":{"start":{"line":8,"column":4},"end":{"line":8,"column":null}},"5":{"start":{"line":8,"column":16},"end":{"line":8,"column":null}},"6":{"start":{"line":10,"column":22},"end":{"line":10,"column":54}},"7":{"start":{"line":12,"column":4},"end":{"line":18,"column":null}},"8":{"start":{"line":13,"column":8},"end":{"line":13,"column":null}},"9":{"start":{"line":13,"column":16},"end":{"line":13,"column":null}},"10":{"start":{"line":14,"column":8},"end":{"line":17,"column":null}},"11":{"start":{"line":15,"column":12},"end":{"line":15,"column":null}},"12":{"start":{"line":16,"column":12},"end":{"line":16,"column":19}},"13":{"start":{"line":5,"column":0},"end":{"line":5,"column":16}}},"fnMap":{"0":{"name":"validateToken","decl":{"start":{"line":5,"column":16},"end":{"line":5,"column":29}},"loc":{"start":{"line":5,"column":78},"end":{"line":19,"column":1}}},"1":{"name":"(anonymous_2)","decl":{"start":{"line":12,"column":32},"end":{"line":12,"column":33}},"loc":{"start":{"line":12,"column":46},"end":{"line":18,"column":5}}}},"branchMap":{"0":{"loc":{"start":{"line":7,"column":18},"end":{"line":7,"column":72}},"type":"cond-expr","locations":[{"start":{"line":7,"column":31},"end":{"line":7,"column":33}},{"start":{"line":7,"column":18},"end":{"line":7,"column":72}}]},"1":{"loc":{"start":{"line":7,"column":18},"end":{"line":7,"column":33}},"type":"binary-expr","locations":[{"start":{"line":7,"column":18},"end":{"line":7,"column":33}},{"start":{"line":7,"column":18},"end":{"line":7,"column":33}}]},"2":{"loc":{"start":{"line":8,"column":4},"end":{"line":8,"column":null}},"type":"if","locations":[{"start":{"line":8,"column":4},"end":{"line":8,"column":null}}]},"3":{"loc":{"start":{"line":13,"column":8},"end":{"line":13,"column":null}},"type":"if","locations":[{"start":{"line":13,"column":8},"end":{"line":13,"column":null}}]},"4":{"loc":{"start":{"line":14,"column":8},"end":{"line":17,"column":null}},"type":"if","locations":[{"start":{"line":14,"column":8},"end":{"line":17,"column":null}}]}},"s":{"0":2,"1":2,"2":5,"3":5,"4":5,"5":0,"6":5,"7":5,"8":5,"9":0,"10":5,"11":5,"12":5,"13":2},"f":{"0":5,"1":5},"b":{"0":[0,5],"1":[5,5],"2":[0],"3":[0],"4":[5]}}
,"/home/kayck/Documentos/projeto22-newbets-back/src/repositories/authRepository.ts": {"path":"/home/kayck/Documentos/projeto22-newbets-back/src/repositories/authRepository.ts","statementMap":{"0":{"start":{"line":1,"column":0},"end":{"line":1,"column":33}},"1":{"start":{"line":5,"column":4},"end":{"line":7,"column":7}},"2":{"start":{"line":11,"column":4},"end":{"line":13,"column":7}},"3":{"start":{"line":17,"column":4},"end":{"line":19,"column":7}},"4":{"start":{"line":23,"column":4},"end":{"line":25,"column":9}},"5":{"start":{"line":29,"column":4},"end":{"line":32,"column":null}},"6":{"start":{"line":36,"column":4},"end":{"line":39,"column":null}},"7":{"start":{"line":42,"column":13},"end":{"line":49,"column":null}}},"fnMap":{"0":{"name":"findByEmail","decl":{"start":{"line":4,"column":15},"end":{"line":4,"column":26}},"loc":{"start":{"line":4,"column":39},"end":{"line":8,"column":null}}},"1":{"name":"findByCPF","decl":{"start":{"line":10,"column":15},"end":{"line":10,"column":24}},"loc":{"start":{"line":10,"column":35},"end":{"line":14,"column":null}}},"2":{"name":"findByActivationToken","decl":{"start":{"line":16,"column":15},"end":{"line":16,"column":36}},"loc":{"start":{"line":16,"column":59},"end":{"line":20,"column":null}}},"3":{"name":"insertUser","decl":{"start":{"line":22,"column":15},"end":{"line":22,"column":25}},"loc":{"start":{"line":22,"column":52},"end":{"line":26,"column":null}}},"4":{"name":"activateEmail","decl":{"start":{"line":28,"column":15},"end":{"line":28,"column":28}},"loc":{"start":{"line":28,"column":51},"end":{"line":33,"column":null}}},"5":{"name":"updateActivationToken","decl":{"start":{"line":35,"column":15},"end":{"line":35,"column":36}},"loc":{"start":{"line":35,"column":72},"end":{"line":40,"column":null}}}},"branchMap":{},"s":{"0":2,"1":20,"2":7,"3":0,"4":7,"5":5,"6":0,"7":2},"f":{"0":20,"1":7,"2":0,"3":7,"4":5,"5":0},"b":{}}
,"/home/kayck/Documentos/projeto22-newbets-back/src/repositories/betRepository.ts": {"path":"/home/kayck/Documentos/projeto22-newbets-back/src/repositories/betRepository.ts","statementMap":{"0":{"start":{"line":1,"column":0},"end":{"line":1,"column":32}},"1":{"start":{"line":5,"column":4},"end":{"line":7,"column":null}},"2":{"start":{"line":11,"column":4},"end":{"line":13,"column":null}},"3":{"start":{"line":17,"column":4},"end":{"line":19,"column":null}},"4":{"start":{"line":23,"column":4},"end":{"line":26,"column":null}},"5":{"start":{"line":30,"column":4},"end":{"line":32,"column":null}},"6":{"start":{"line":36,"column":4},"end":{"line":38,"column":null}},"7":{"start":{"line":41,"column":4},"end":{"line":43,"column":null}},"8":{"start":{"line":47,"column":4},"end":{"line":49,"column":null}},"9":{"start":{"line":53,"column":4},"end":{"line":59,"column":null}},"10":{"start":{"line":63,"column":4},"end":{"line":69,"column":null}},"11":{"start":{"line":73,"column":4},"end":{"line":79,"column":null}},"12":{"start":{"line":82,"column":13},"end":{"line":94,"column":null}}},"fnMap":{"0":{"name":"insertBetOptions","decl":{"start":{"line":4,"column":15},"end":{"line":4,"column":31}},"loc":{"start":{"line":4,"column":58},"end":{"line":8,"column":null}}},"1":{"name":"insertBetGoals","decl":{"start":{"line":10,"column":15},"end":{"line":10,"column":29}},"loc":{"start":{"line":10,"column":54},"end":{"line":14,"column":null}}},"2":{"name":"insertBetScores","decl":{"start":{"line":16,"column":15},"end":{"line":16,"column":30}},"loc":{"start":{"line":16,"column":56},"end":{"line":20,"column":null}}},"3":{"name":"updateAvailableMoney","decl":{"start":{"line":22,"column":15},"end":{"line":22,"column":35}},"loc":{"start":{"line":22,"column":61},"end":{"line":27,"column":null}}},"4":{"name":"findById","decl":{"start":{"line":29,"column":15},"end":{"line":29,"column":23}},"loc":{"start":{"line":29,"column":33},"end":{"line":33,"column":null}}},"5":{"name":"findOptionBetById","decl":{"start":{"line":35,"column":15},"end":{"line":35,"column":32}},"loc":{"start":{"line":35,"column":46},"end":{"line":39,"column":null}}},"6":{"name":"findGoalBetById","decl":{"start":{"line":40,"column":15},"end":{"line":40,"column":30}},"loc":{"start":{"line":40,"column":44},"end":{"line":44,"column":null}}},"7":{"name":"findScoreBetById","decl":{"start":{"line":46,"column":15},"end":{"line":46,"column":31}},"loc":{"start":{"line":46,"column":45},"end":{"line":50,"column":null}}},"8":{"name":"updateOptionBetToFinished","decl":{"start":{"line":52,"column":15},"end":{"line":52,"column":40}},"loc":{"start":{"line":52,"column":62},"end":{"line":60,"column":null}}},"9":{"name":"updateGoalBetToFinished","decl":{"start":{"line":62,"column":15},"end":{"line":62,"column":38}},"loc":{"start":{"line":62,"column":60},"end":{"line":70,"column":null}}},"10":{"name":"updateScoreBetToFinished","decl":{"start":{"line":72,"column":15},"end":{"line":72,"column":39}},"loc":{"start":{"line":72,"column":61},"end":{"line":80,"column":null}}}},"branchMap":{},"s":{"0":2,"1":1,"2":1,"3":1,"4":3,"5":19,"6":4,"7":4,"8":4,"9":0,"10":0,"11":0,"12":2},"f":{"0":1,"1":1,"2":1,"3":3,"4":19,"5":4,"6":4,"7":4,"8":0,"9":0,"10":0},"b":{}}
,"/home/kayck/Documentos/projeto22-newbets-back/src/routes/authRoutes.ts": {"path":"/home/kayck/Documentos/projeto22-newbets-back/src/routes/authRoutes.ts","statementMap":{"0":{"start":{"line":1,"column":0},"end":{"line":1,"column":30}},"1":{"start":{"line":2,"column":0},"end":{"line":2,"column":71}},"2":{"start":{"line":3,"column":0},"end":{"line":3,"column":84}},"3":{"start":{"line":4,"column":0},"end":{"line":4,"column":85}},"4":{"start":{"line":6,"column":17},"end":{"line":6,"column":25}},"5":{"start":{"line":8,"column":0},"end":{"line":8,"column":null}},"6":{"start":{"line":9,"column":0},"end":{"line":9,"column":null}},"7":{"start":{"line":10,"column":0},"end":{"line":10,"column":null}},"8":{"start":{"line":11,"column":0},"end":{"line":11,"column":null}},"9":{"start":{"line":13,"column":0},"end":{"line":13,"column":null}}},"fnMap":{},"branchMap":{},"s":{"0":2,"1":2,"2":2,"3":2,"4":2,"5":2,"6":2,"7":2,"8":2,"9":2},"f":{},"b":{}}
,"/home/kayck/Documentos/projeto22-newbets-back/src/routes/betRoutes.ts": {"path":"/home/kayck/Documentos/projeto22-newbets-back/src/routes/betRoutes.ts","statementMap":{"0":{"start":{"line":1,"column":0},"end":{"line":1,"column":30}},"1":{"start":{"line":2,"column":0},"end":{"line":2,"column":71}},"2":{"start":{"line":3,"column":0},"end":{"line":3,"column":63}},"3":{"start":{"line":4,"column":0},"end":{"line":4,"column":100}},"4":{"start":{"line":5,"column":0},"end":{"line":5,"column":107}},"5":{"start":{"line":7,"column":16},"end":{"line":7,"column":24}},"6":{"start":{"line":9,"column":0},"end":{"line":9,"column":null}},"7":{"start":{"line":10,"column":0},"end":{"line":10,"column":null}},"8":{"start":{"line":11,"column":0},"end":{"line":11,"column":null}},"9":{"start":{"line":12,"column":0},"end":{"line":12,"column":null}},"10":{"start":{"line":14,"column":0},"end":{"line":14,"column":null}}},"fnMap":{},"branchMap":{},"s":{"0":2,"1":2,"2":2,"3":2,"4":2,"5":2,"6":2,"7":2,"8":2,"9":2,"10":2},"f":{},"b":{}}
,"/home/kayck/Documentos/projeto22-newbets-back/src/routes/index.ts": {"path":"/home/kayck/Documentos/projeto22-newbets-back/src/routes/index.ts","statementMap":{"0":{"start":{"line":1,"column":0},"end":{"line":1,"column":33}},"1":{"start":{"line":2,"column":0},"end":{"line":2,"column":38}},"2":{"start":{"line":3,"column":0},"end":{"line":3,"column":36}},"3":{"start":{"line":5,"column":15},"end":{"line":5,"column":23}},"4":{"start":{"line":6,"column":0},"end":{"line":6,"column":null}},"5":{"start":{"line":7,"column":0},"end":{"line":7,"column":null}},"6":{"start":{"line":10,"column":0},"end":{"line":10,"column":22}}},"fnMap":{},"branchMap":{},"s":{"0":2,"1":2,"2":2,"3":2,"4":2,"5":2,"6":2},"f":{},"b":{}}
,"/home/kayck/Documentos/projeto22-newbets-back/src/schemas/authSchemas.ts": {"path":"/home/kayck/Documentos/projeto22-newbets-back/src/schemas/authSchemas.ts","statementMap":{"0":{"start":{"line":1,"column":0},"end":{"line":1,"column":21}},"1":{"start":{"line":3,"column":13},"end":{"line":9,"column":null}},"2":{"start":{"line":11,"column":13},"end":{"line":14,"column":null}},"3":{"start":{"line":16,"column":13},"end":{"line":18,"column":null}}},"fnMap":{},"branchMap":{},"s":{"0":2,"1":2,"2":2,"3":2},"f":{},"b":{}}
,"/home/kayck/Documentos/projeto22-newbets-back/src/schemas/betSchemas.ts": {"path":"/home/kayck/Documentos/projeto22-newbets-back/src/schemas/betSchemas.ts","statementMap":{"0":{"start":{"line":1,"column":0},"end":{"line":1,"column":21}},"1":{"start":{"line":3,"column":13},"end":{"line":8,"column":null}},"2":{"start":{"line":10,"column":13},"end":{"line":16,"column":null}},"3":{"start":{"line":18,"column":13},"end":{"line":24,"column":null}}},"fnMap":{},"branchMap":{},"s":{"0":2,"1":2,"2":2,"3":2},"f":{},"b":{}}
,"/home/kayck/Documentos/projeto22-newbets-back/src/services/authService.ts": {"path":"/home/kayck/Documentos/projeto22-newbets-back/src/services/authService.ts","statementMap":{"0":{"start":{"line":1,"column":0},"end":{"line":1,"column":27}},"1":{"start":{"line":2,"column":0},"end":{"line":2,"column":31}},"2":{"start":{"line":3,"column":0},"end":{"line":3,"column":27}},"3":{"start":{"line":4,"column":0},"end":{"line":4,"column":34}},"4":{"start":{"line":5,"column":0},"end":{"line":5,"column":57}},"5":{"start":{"line":6,"column":0},"end":{"line":6,"column":62}},"6":{"start":{"line":7,"column":0},"end":{"line":7,"column":47}},"7":{"start":{"line":10,"column":13},"end":{"line":10,"column":47}},"8":{"start":{"line":13,"column":23},"end":{"line":13,"column":62}},"9":{"start":{"line":14,"column":4},"end":{"line":14,"column":null}},"10":{"start":{"line":14,"column":20},"end":{"line":14,"column":null}},"11":{"start":{"line":16,"column":21},"end":{"line":16,"column":40}},"12":{"start":{"line":17,"column":21},"end":{"line":17,"column":63}},"13":{"start":{"line":18,"column":4},"end":{"line":18,"column":null}},"14":{"start":{"line":18,"column":18},"end":{"line":18,"column":null}},"15":{"start":{"line":20,"column":4},"end":{"line":20,"column":null}},"16":{"start":{"line":20,"column":35},"end":{"line":20,"column":null}},"17":{"start":{"line":22,"column":26},"end":{"line":22,"column":32}},"18":{"start":{"line":23,"column":25},"end":{"line":23,"column":54}},"19":{"start":{"line":25,"column":4},"end":{"line":25,"column":103}},"20":{"start":{"line":27,"column":4},"end":{"line":27,"column":null}},"21":{"start":{"line":28,"column":4},"end":{"line":28,"column":null}},"22":{"start":{"line":12,"column":0},"end":{"line":12,"column":22}},"23":{"start":{"line":32,"column":23},"end":{"line":32,"column":62}},"24":{"start":{"line":33,"column":4},"end":{"line":33,"column":null}},"25":{"start":{"line":33,"column":21},"end":{"line":33,"column":null}},"26":{"start":{"line":34,"column":4},"end":{"line":34,"column":null}},"27":{"start":{"line":34,"column":27},"end":{"line":34,"column":null}},"28":{"start":{"line":36,"column":4},"end":{"line":43,"column":null}},"29":{"start":{"line":37,"column":19},"end":{"line":37,"column":44}},"30":{"start":{"line":38,"column":24},"end":{"line":38,"column":46}},"31":{"start":{"line":39,"column":21},"end":{"line":39,"column":48}},"32":{"start":{"line":40,"column":20},"end":{"line":40,"column":53}},"33":{"start":{"line":41,"column":6},"end":{"line":41,"column":null}},"34":{"start":{"line":43,"column":9},"end":{"line":43,"column":null}},"35":{"start":{"line":31,"column":0},"end":{"line":31,"column":22}},"36":{"start":{"line":47,"column":31},"end":{"line":47,"column":90}},"37":{"start":{"line":48,"column":2},"end":{"line":48,"column":null}},"38":{"start":{"line":48,"column":29},"end":{"line":48,"column":null}},"39":{"start":{"line":49,"column":2},"end":{"line":49,"column":null}},"40":{"start":{"line":49,"column":34},"end":{"line":49,"column":null}},"41":{"start":{"line":51,"column":2},"end":{"line":51,"column":null}},"42":{"start":{"line":46,"column":0},"end":{"line":46,"column":22}},"43":{"start":{"line":55,"column":21},"end":{"line":55,"column":60}},"44":{"start":{"line":56,"column":2},"end":{"line":56,"column":null}},"45":{"start":{"line":56,"column":19},"end":{"line":56,"column":null}},"46":{"start":{"line":57,"column":2},"end":{"line":57,"column":null}},"47":{"start":{"line":57,"column":24},"end":{"line":57,"column":null}},"48":{"start":{"line":59,"column":24},"end":{"line":59,"column":30}},"49":{"start":{"line":60,"column":2},"end":{"line":60,"column":null}},"50":{"start":{"line":62,"column":2},"end":{"line":62,"column":null}},"51":{"start":{"line":54,"column":0},"end":{"line":54,"column":22}}},"fnMap":{"0":{"name":"serviceSignUp","decl":{"start":{"line":12,"column":22},"end":{"line":12,"column":35}},"loc":{"start":{"line":12,"column":110},"end":{"line":29,"column":null}}},"1":{"name":"serviceLogin","decl":{"start":{"line":31,"column":22},"end":{"line":31,"column":34}},"loc":{"start":{"line":31,"column":63},"end":{"line":44,"column":null}}},"2":{"name":"serviceActivation","decl":{"start":{"line":46,"column":22},"end":{"line":46,"column":39}},"loc":{"start":{"line":46,"column":62},"end":{"line":52,"column":null}}},"3":{"name":"serviceResendEmail","decl":{"start":{"line":54,"column":22},"end":{"line":54,"column":40}},"loc":{"start":{"line":54,"column":53},"end":{"line":63,"column":null}}}},"branchMap":{"0":{"loc":{"start":{"line":14,"column":4},"end":{"line":14,"column":null}},"type":"if","locations":[{"start":{"line":14,"column":4},"end":{"line":14,"column":null}}]},"1":{"loc":{"start":{"line":18,"column":4},"end":{"line":18,"column":null}},"type":"if","locations":[{"start":{"line":18,"column":4},"end":{"line":18,"column":null}}]},"2":{"loc":{"start":{"line":20,"column":4},"end":{"line":20,"column":null}},"type":"if","locations":[{"start":{"line":20,"column":4},"end":{"line":20,"column":null}}]},"3":{"loc":{"start":{"line":33,"column":4},"end":{"line":33,"column":null}},"type":"if","locations":[{"start":{"line":33,"column":4},"end":{"line":33,"column":null}}]},"4":{"loc":{"start":{"line":34,"column":4},"end":{"line":34,"column":null}},"type":"if","locations":[{"start":{"line":34,"column":4},"end":{"line":34,"column":null}}]},"5":{"loc":{"start":{"line":36,"column":4},"end":{"line":43,"column":null}},"type":"if","locations":[{"start":{"line":36,"column":4},"end":{"line":43,"column":null}},{"start":{"line":43,"column":9},"end":{"line":43,"column":null}}]},"6":{"loc":{"start":{"line":48,"column":2},"end":{"line":48,"column":null}},"type":"if","locations":[{"start":{"line":48,"column":2},"end":{"line":48,"column":null}}]},"7":{"loc":{"start":{"line":49,"column":2},"end":{"line":49,"column":null}},"type":"if","locations":[{"start":{"line":49,"column":2},"end":{"line":49,"column":null}}]},"8":{"loc":{"start":{"line":56,"column":2},"end":{"line":56,"column":null}},"type":"if","locations":[{"start":{"line":56,"column":2},"end":{"line":56,"column":null}}]},"9":{"loc":{"start":{"line":57,"column":2},"end":{"line":57,"column":null}},"type":"if","locations":[{"start":{"line":57,"column":2},"end":{"line":57,"column":null}}]}},"s":{"0":2,"1":2,"2":2,"3":2,"4":2,"5":2,"6":2,"7":2,"8":7,"9":7,"10":0,"11":7,"12":7,"13":7,"14":0,"15":7,"16":0,"17":7,"18":7,"19":7,"20":7,"21":7,"22":2,"23":6,"24":6,"25":0,"26":6,"27":1,"28":5,"29":4,"30":4,"31":4,"32":4,"33":4,"34":1,"35":2,"36":0,"37":0,"38":0,"39":0,"40":0,"41":0,"42":2,"43":0,"44":0,"45":0,"46":0,"47":0,"48":0,"49":0,"50":0,"51":2},"f":{"0":7,"1":6,"2":0,"3":0},"b":{"0":[0],"1":[0],"2":[0],"3":[0],"4":[1],"5":[4,1],"6":[0],"7":[0],"8":[0],"9":[0]}}
,"/home/kayck/Documentos/projeto22-newbets-back/src/services/betService.ts": {"path":"/home/kayck/Documentos/projeto22-newbets-back/src/services/betService.ts","statementMap":{"0":{"start":{"line":1,"column":0},"end":{"line":1,"column":57}},"1":{"start":{"line":2,"column":0},"end":{"line":2,"column":62}},"2":{"start":{"line":5,"column":15},"end":{"line":5,"column":51}},"3":{"start":{"line":6,"column":4},"end":{"line":6,"column":null}},"4":{"start":{"line":6,"column":14},"end":{"line":6,"column":null}},"5":{"start":{"line":7,"column":4},"end":{"line":7,"column":null}},"6":{"start":{"line":7,"column":35},"end":{"line":7,"column":null}},"7":{"start":{"line":9,"column":19},"end":{"line":9,"column":45}},"8":{"start":{"line":11,"column":4},"end":{"line":11,"column":null}},"9":{"start":{"line":12,"column":4},"end":{"line":12,"column":null}},"10":{"start":{"line":14,"column":4},"end":{"line":14,"column":null}},"11":{"start":{"line":4,"column":0},"end":{"line":4,"column":22}},"12":{"start":{"line":18,"column":15},"end":{"line":18,"column":51}},"13":{"start":{"line":19,"column":4},"end":{"line":19,"column":null}},"14":{"start":{"line":19,"column":14},"end":{"line":19,"column":null}},"15":{"start":{"line":20,"column":4},"end":{"line":20,"column":null}},"16":{"start":{"line":20,"column":35},"end":{"line":20,"column":null}},"17":{"start":{"line":22,"column":19},"end":{"line":22,"column":45}},"18":{"start":{"line":24,"column":4},"end":{"line":24,"column":null}},"19":{"start":{"line":25,"column":4},"end":{"line":25,"column":null}},"20":{"start":{"line":27,"column":4},"end":{"line":27,"column":null}},"21":{"start":{"line":17,"column":0},"end":{"line":17,"column":22}},"22":{"start":{"line":31,"column":15},"end":{"line":31,"column":51}},"23":{"start":{"line":32,"column":4},"end":{"line":32,"column":null}},"24":{"start":{"line":32,"column":14},"end":{"line":32,"column":null}},"25":{"start":{"line":33,"column":4},"end":{"line":33,"column":null}},"26":{"start":{"line":33,"column":35},"end":{"line":33,"column":null}},"27":{"start":{"line":35,"column":19},"end":{"line":35,"column":45}},"28":{"start":{"line":37,"column":4},"end":{"line":37,"column":null}},"29":{"start":{"line":38,"column":4},"end":{"line":38,"column":null}},"30":{"start":{"line":40,"column":4},"end":{"line":40,"column":null}},"31":{"start":{"line":30,"column":0},"end":{"line":30,"column":22}},"32":{"start":{"line":45,"column":26},"end":{"line":45,"column":71}},"33":{"start":{"line":46,"column":24},"end":{"line":46,"column":67}},"34":{"start":{"line":47,"column":25},"end":{"line":47,"column":69}},"35":{"start":{"line":49,"column":4},"end":{"line":49,"column":null}},"36":{"start":{"line":44,"column":0},"end":{"line":44,"column":22}}},"fnMap":{"0":{"name":"serviceCreateBetOptions","decl":{"start":{"line":4,"column":22},"end":{"line":4,"column":45}},"loc":{"start":{"line":4,"column":111},"end":{"line":15,"column":null}}},"1":{"name":"serviceCreateBetGoals","decl":{"start":{"line":17,"column":22},"end":{"line":17,"column":43}},"loc":{"start":{"line":17,"column":141},"end":{"line":28,"column":null}}},"2":{"name":"serviceCreateBetScores","decl":{"start":{"line":30,"column":22},"end":{"line":30,"column":44}},"loc":{"start":{"line":30,"column":134},"end":{"line":41,"column":null}}},"3":{"name":"serviceGetHistory","decl":{"start":{"line":44,"column":22},"end":{"line":44,"column":39}},"loc":{"start":{"line":44,"column":53},"end":{"line":50,"column":null}}}},"branchMap":{"0":{"loc":{"start":{"line":6,"column":4},"end":{"line":6,"column":null}},"type":"if","locations":[{"start":{"line":6,"column":4},"end":{"line":6,"column":null}}]},"1":{"loc":{"start":{"line":7,"column":4},"end":{"line":7,"column":null}},"type":"if","locations":[{"start":{"line":7,"column":4},"end":{"line":7,"column":null}}]},"2":{"loc":{"start":{"line":19,"column":4},"end":{"line":19,"column":null}},"type":"if","locations":[{"start":{"line":19,"column":4},"end":{"line":19,"column":null}}]},"3":{"loc":{"start":{"line":20,"column":4},"end":{"line":20,"column":null}},"type":"if","locations":[{"start":{"line":20,"column":4},"end":{"line":20,"column":null}}]},"4":{"loc":{"start":{"line":32,"column":4},"end":{"line":32,"column":null}},"type":"if","locations":[{"start":{"line":32,"column":4},"end":{"line":32,"column":null}}]},"5":{"loc":{"start":{"line":33,"column":4},"end":{"line":33,"column":null}},"type":"if","locations":[{"start":{"line":33,"column":4},"end":{"line":33,"column":null}}]}},"s":{"0":2,"1":2,"2":2,"3":2,"4":0,"5":2,"6":1,"7":1,"8":1,"9":1,"10":1,"11":2,"12":1,"13":1,"14":0,"15":1,"16":0,"17":1,"18":1,"19":1,"20":1,"21":2,"22":1,"23":1,"24":0,"25":1,"26":0,"27":1,"28":1,"29":1,"30":1,"31":2,"32":1,"33":1,"34":1,"35":1,"36":2},"f":{"0":2,"1":1,"2":1,"3":1},"b":{"0":[0],"1":[1],"2":[0],"3":[0],"4":[0],"5":[0]}}
,"/home/kayck/Documentos/projeto22-newbets-back/src/services/checkService.ts": {"path":"/home/kayck/Documentos/projeto22-newbets-back/src/services/checkService.ts","statementMap":{"0":{"start":{"line":1,"column":0},"end":{"line":1,"column":57}},"1":{"start":{"line":2,"column":0},"end":{"line":2,"column":62}},"2":{"start":{"line":4,"column":0},"end":{"line":4,"column":47}},"3":{"start":{"line":5,"column":0},"end":{"line":5,"column":57}},"4":{"start":{"line":6,"column":0},"end":{"line":6,"column":100}},"5":{"start":{"line":10,"column":15},"end":{"line":10,"column":51}},"6":{"start":{"line":11,"column":4},"end":{"line":11,"column":null}},"7":{"start":{"line":11,"column":14},"end":{"line":11,"column":null}},"8":{"start":{"line":13,"column":23},"end":{"line":13,"column":42}},"9":{"start":{"line":15,"column":26},"end":{"line":15,"column":71}},"10":{"start":{"line":16,"column":4},"end":{"line":16,"column":31}},"11":{"start":{"line":16,"column":25},"end":{"line":16,"column":31}},"12":{"start":{"line":18,"column":27},"end":{"line":18,"column":69}},"13":{"start":{"line":20,"column":21},"end":{"line":20,"column":59}},"14":{"start":{"line":21,"column":18},"end":{"line":21,"column":45}},"15":{"start":{"line":23,"column":4},"end":{"line":49,"column":null}},"16":{"start":{"line":23,"column":53},"end":{"line":49,"column":6}},"17":{"start":{"line":25,"column":8},"end":{"line":48,"column":null}},"18":{"start":{"line":25,"column":80},"end":{"line":48,"column":10}},"19":{"start":{"line":26,"column":24},"end":{"line":26,"column":33}},"20":{"start":{"line":27,"column":27},"end":{"line":27,"column":52}},"21":{"start":{"line":28,"column":21},"end":{"line":28,"column":27}},"22":{"start":{"line":29,"column":20},"end":{"line":29,"column":25}},"23":{"start":{"line":31,"column":12},"end":{"line":35,"column":null}},"24":{"start":{"line":32,"column":16},"end":{"line":32,"column":null}},"25":{"start":{"line":33,"column":16},"end":{"line":33,"column":null}},"26":{"start":{"line":34,"column":16},"end":{"line":34,"column":null}},"27":{"start":{"line":36,"column":12},"end":{"line":40,"column":null}},"28":{"start":{"line":37,"column":16},"end":{"line":37,"column":null}},"29":{"start":{"line":38,"column":16},"end":{"line":38,"column":null}},"30":{"start":{"line":39,"column":16},"end":{"line":39,"column":null}},"31":{"start":{"line":41,"column":12},"end":{"line":45,"column":null}},"32":{"start":{"line":42,"column":16},"end":{"line":42,"column":null}},"33":{"start":{"line":43,"column":16},"end":{"line":43,"column":null}},"34":{"start":{"line":44,"column":16},"end":{"line":44,"column":null}},"35":{"start":{"line":47,"column":12},"end":{"line":47,"column":null}},"36":{"start":{"line":9,"column":0},"end":{"line":9,"column":22}},"37":{"start":{"line":53,"column":15},"end":{"line":53,"column":51}},"38":{"start":{"line":54,"column":4},"end":{"line":54,"column":null}},"39":{"start":{"line":54,"column":14},"end":{"line":54,"column":null}},"40":{"start":{"line":56,"column":23},"end":{"line":56,"column":42}},"41":{"start":{"line":58,"column":24},"end":{"line":58,"column":67}},"42":{"start":{"line":59,"column":4},"end":{"line":59,"column":29}},"43":{"start":{"line":59,"column":23},"end":{"line":59,"column":29}},"44":{"start":{"line":61,"column":25},"end":{"line":61,"column":63}},"45":{"start":{"line":63,"column":19},"end":{"line":63,"column":55}},"46":{"start":{"line":64,"column":18},"end":{"line":64,"column":43}},"47":{"start":{"line":66,"column":4},"end":{"line":87,"column":null}},"48":{"start":{"line":66,"column":53},"end":{"line":87,"column":6}},"49":{"start":{"line":67,"column":8},"end":{"line":86,"column":null}},"50":{"start":{"line":67,"column":85},"end":{"line":86,"column":10}},"51":{"start":{"line":68,"column":24},"end":{"line":68,"column":33}},"52":{"start":{"line":69,"column":27},"end":{"line":69,"column":52}},"53":{"start":{"line":70,"column":21},"end":{"line":70,"column":27}},"54":{"start":{"line":71,"column":23},"end":{"line":71,"column":31}},"55":{"start":{"line":72,"column":29},"end":{"line":72,"column":62}},"56":{"start":{"line":73,"column":20},"end":{"line":73,"column":25}},"57":{"start":{"line":74,"column":12},"end":{"line":82,"column":null}},"58":{"start":{"line":79,"column":16},"end":{"line":79,"column":null}},"59":{"start":{"line":80,"column":16},"end":{"line":80,"column":null}},"60":{"start":{"line":81,"column":16},"end":{"line":81,"column":null}},"61":{"start":{"line":85,"column":12},"end":{"line":85,"column":null}},"62":{"start":{"line":52,"column":0},"end":{"line":52,"column":22}},"63":{"start":{"line":91,"column":15},"end":{"line":91,"column":51}},"64":{"start":{"line":92,"column":4},"end":{"line":92,"column":null}},"65":{"start":{"line":92,"column":14},"end":{"line":92,"column":null}},"66":{"start":{"line":94,"column":23},"end":{"line":94,"column":42}},"67":{"start":{"line":96,"column":25},"end":{"line":96,"column":69}},"68":{"start":{"line":97,"column":4},"end":{"line":97,"column":30}},"69":{"start":{"line":97,"column":24},"end":{"line":97,"column":30}},"70":{"start":{"line":99,"column":26},"end":{"line":99,"column":66}},"71":{"start":{"line":101,"column":20},"end":{"line":101,"column":57}},"72":{"start":{"line":102,"column":18},"end":{"line":102,"column":44}},"73":{"start":{"line":104,"column":4},"end":{"line":119,"column":null}},"74":{"start":{"line":104,"column":39},"end":{"line":119,"column":6}},"75":{"start":{"line":105,"column":8},"end":{"line":118,"column":null}},"76":{"start":{"line":105,"column":86},"end":{"line":118,"column":10}},"77":{"start":{"line":106,"column":28},"end":{"line":106,"column":41}},"78":{"start":{"line":107,"column":28},"end":{"line":107,"column":41}},"79":{"start":{"line":108,"column":27},"end":{"line":108,"column":52}},"80":{"start":{"line":109,"column":21},"end":{"line":109,"column":27}},"81":{"start":{"line":110,"column":20},"end":{"line":110,"column":25}},"82":{"start":{"line":111,"column":12},"end":{"line":115,"column":null}},"83":{"start":{"line":112,"column":16},"end":{"line":112,"column":null}},"84":{"start":{"line":113,"column":16},"end":{"line":113,"column":null}},"85":{"start":{"line":114,"column":16},"end":{"line":114,"column":null}},"86":{"start":{"line":117,"column":12},"end":{"line":117,"column":null}},"87":{"start":{"line":90,"column":0},"end":{"line":90,"column":22}},"88":{"start":{"line":123,"column":15},"end":{"line":123,"column":51}},"89":{"start":{"line":124,"column":4},"end":{"line":124,"column":null}},"90":{"start":{"line":124,"column":14},"end":{"line":124,"column":null}},"91":{"start":{"line":126,"column":4},"end":{"line":126,"column":null}},"92":{"start":{"line":122,"column":0},"end":{"line":122,"column":22}}},"fnMap":{"0":{"name":"serviceCheckBetsOptions","decl":{"start":{"line":9,"column":22},"end":{"line":9,"column":45}},"loc":{"start":{"line":9,"column":59},"end":{"line":50,"column":null}}},"1":{"name":"(anonymous_10)","decl":{"start":{"line":23,"column":34},"end":{"line":23,"column":41}},"loc":{"start":{"line":23,"column":53},"end":{"line":49,"column":6}}},"2":{"name":"(anonymous_11)","decl":{"start":{"line":23,"column":53},"end":{"line":23,"column":null}},"loc":{"start":{"line":23,"column":53},"end":{"line":49,"column":5}}},"3":{"name":"(anonymous_12)","decl":{"start":{"line":25,"column":58},"end":{"line":25,"column":65}},"loc":{"start":{"line":25,"column":80},"end":{"line":48,"column":10}}},"4":{"name":"(anonymous_13)","decl":{"start":{"line":25,"column":80},"end":{"line":25,"column":null}},"loc":{"start":{"line":25,"column":80},"end":{"line":48,"column":9}}},"5":{"name":"serviceCheckBetsGoals","decl":{"start":{"line":52,"column":22},"end":{"line":52,"column":43}},"loc":{"start":{"line":52,"column":57},"end":{"line":88,"column":null}}},"6":{"name":"(anonymous_16)","decl":{"start":{"line":66,"column":34},"end":{"line":66,"column":41}},"loc":{"start":{"line":66,"column":53},"end":{"line":87,"column":6}}},"7":{"name":"(anonymous_17)","decl":{"start":{"line":66,"column":53},"end":{"line":66,"column":null}},"loc":{"start":{"line":66,"column":53},"end":{"line":87,"column":5}}},"8":{"name":"(anonymous_18)","decl":{"start":{"line":67,"column":63},"end":{"line":67,"column":70}},"loc":{"start":{"line":67,"column":85},"end":{"line":86,"column":10}}},"9":{"name":"(anonymous_19)","decl":{"start":{"line":67,"column":85},"end":{"line":67,"column":null}},"loc":{"start":{"line":67,"column":85},"end":{"line":86,"column":9}}},"10":{"name":"serviceCheckBetsScores","decl":{"start":{"line":90,"column":22},"end":{"line":90,"column":44}},"loc":{"start":{"line":90,"column":58},"end":{"line":120,"column":null}}},"11":{"name":"(anonymous_22)","decl":{"start":{"line":104,"column":20},"end":{"line":104,"column":27}},"loc":{"start":{"line":104,"column":39},"end":{"line":119,"column":6}}},"12":{"name":"(anonymous_23)","decl":{"start":{"line":104,"column":39},"end":{"line":104,"column":null}},"loc":{"start":{"line":104,"column":39},"end":{"line":119,"column":5}}},"13":{"name":"(anonymous_24)","decl":{"start":{"line":105,"column":64},"end":{"line":105,"column":71}},"loc":{"start":{"line":105,"column":86},"end":{"line":118,"column":10}}},"14":{"name":"(anonymous_25)","decl":{"start":{"line":105,"column":86},"end":{"line":105,"column":null}},"loc":{"start":{"line":105,"column":86},"end":{"line":118,"column":9}}},"15":{"name":"serviceGetAvailableAmount","decl":{"start":{"line":122,"column":22},"end":{"line":122,"column":47}},"loc":{"start":{"line":122,"column":61},"end":{"line":127,"column":null}}}},"branchMap":{"0":{"loc":{"start":{"line":11,"column":4},"end":{"line":11,"column":null}},"type":"if","locations":[{"start":{"line":11,"column":4},"end":{"line":11,"column":null}}]},"1":{"loc":{"start":{"line":16,"column":4},"end":{"line":16,"column":31}},"type":"if","locations":[{"start":{"line":16,"column":4},"end":{"line":16,"column":31}}]},"2":{"loc":{"start":{"line":31,"column":12},"end":{"line":35,"column":null}},"type":"if","locations":[{"start":{"line":31,"column":12},"end":{"line":35,"column":null}}]},"3":{"loc":{"start":{"line":31,"column":15},"end":{"line":31,"column":54}},"type":"binary-expr","locations":[{"start":{"line":31,"column":15},"end":{"line":31,"column":29}},{"start":{"line":31,"column":31},"end":{"line":31,"column":54}}]},"4":{"loc":{"start":{"line":36,"column":12},"end":{"line":40,"column":null}},"type":"if","locations":[{"start":{"line":36,"column":12},"end":{"line":40,"column":null}}]},"5":{"loc":{"start":{"line":36,"column":15},"end":{"line":36,"column":54}},"type":"binary-expr","locations":[{"start":{"line":36,"column":15},"end":{"line":36,"column":29}},{"start":{"line":36,"column":31},"end":{"line":36,"column":54}}]},"6":{"loc":{"start":{"line":41,"column":12},"end":{"line":45,"column":null}},"type":"if","locations":[{"start":{"line":41,"column":12},"end":{"line":45,"column":null}}]},"7":{"loc":{"start":{"line":41,"column":15},"end":{"line":41,"column":81}},"type":"binary-expr","locations":[{"start":{"line":41,"column":15},"end":{"line":41,"column":29}},{"start":{"line":41,"column":31},"end":{"line":41,"column":55}},{"start":{"line":41,"column":57},"end":{"line":41,"column":81}}]},"8":{"loc":{"start":{"line":54,"column":4},"end":{"line":54,"column":null}},"type":"if","locations":[{"start":{"line":54,"column":4},"end":{"line":54,"column":null}}]},"9":{"loc":{"start":{"line":59,"column":4},"end":{"line":59,"column":29}},"type":"if","locations":[{"start":{"line":59,"column":4},"end":{"line":59,"column":29}}]},"10":{"loc":{"start":{"line":74,"column":12},"end":{"line":82,"column":null}},"type":"if","locations":[{"start":{"line":74,"column":12},"end":{"line":82,"column":null}}]},"11":{"loc":{"start":{"line":74,"column":15},"end":{"line":77,"column":49}},"type":"binary-expr","locations":[{"start":{"line":75,"column":16},"end":{"line":75,"column":32}},{"start":{"line":75,"column":34},"end":{"line":75,"column":47}},{"start":{"line":77,"column":16},"end":{"line":77,"column":32}},{"start":{"line":77,"column":34},"end":{"line":77,"column":48}}]},"12":{"loc":{"start":{"line":92,"column":4},"end":{"line":92,"column":null}},"type":"if","locations":[{"start":{"line":92,"column":4},"end":{"line":92,"column":null}}]},"13":{"loc":{"start":{"line":97,"column":4},"end":{"line":97,"column":30}},"type":"if","locations":[{"start":{"line":97,"column":4},"end":{"line":97,"column":30}}]},"14":{"loc":{"start":{"line":111,"column":12},"end":{"line":115,"column":null}},"type":"if","locations":[{"start":{"line":111,"column":12},"end":{"line":115,"column":null}}]},"15":{"loc":{"start":{"line":111,"column":15},"end":{"line":111,"column":91}},"type":"binary-expr","locations":[{"start":{"line":111,"column":15},"end":{"line":111,"column":52}},{"start":{"line":111,"column":54},"end":{"line":111,"column":91}}]},"16":{"loc":{"start":{"line":124,"column":4},"end":{"line":124,"column":null}},"type":"if","locations":[{"start":{"line":124,"column":4},"end":{"line":124,"column":null}}]}},"s":{"0":2,"1":2,"2":2,"3":2,"4":2,"5":4,"6":4,"7":0,"8":4,"9":4,"10":4,"11":0,"12":4,"13":4,"14":4,"15":4,"16":0,"17":0,"18":0,"19":0,"20":0,"21":0,"22":0,"23":0,"24":0,"25":0,"26":0,"27":0,"28":0,"29":0,"30":0,"31":0,"32":0,"33":0,"34":0,"35":0,"36":2,"37":4,"38":4,"39":0,"40":4,"41":4,"42":4,"43":0,"44":4,"45":4,"46":4,"47":4,"48":0,"49":0,"50":0,"51":0,"52":0,"53":0,"54":0,"55":0,"56":0,"57":0,"58":0,"59":0,"60":0,"61":0,"62":2,"63":4,"64":4,"65":0,"66":4,"67":4,"68":4,"69":0,"70":4,"71":4,"72":4,"73":4,"74":0,"75":0,"76":0,"77":0,"78":0,"79":0,"80":0,"81":0,"82":0,"83":0,"84":0,"85":0,"86":0,"87":2,"88":4,"89":4,"90":0,"91":4,"92":2},"f":{"0":4,"1":0,"2":0,"3":0,"4":0,"5":4,"6":0,"7":0,"8":0,"9":0,"10":4,"11":0,"12":0,"13":0,"14":0,"15":4},"b":{"0":[0],"1":[0],"2":[0],"3":[0,0],"4":[0],"5":[0,0],"6":[0],"7":[0,0,0],"8":[0],"9":[0],"10":[0],"11":[0,0,0,0],"12":[0],"13":[0],"14":[0],"15":[0,0],"16":[0]}}
,"/home/kayck/Documentos/projeto22-newbets-back/src/utils/createHashtable.ts": {"path":"/home/kayck/Documentos/projeto22-newbets-back/src/utils/createHashtable.ts","statementMap":{"0":{"start":{"line":4,"column":20},"end":{"line":4,"column":22}},"1":{"start":{"line":5,"column":4},"end":{"line":13,"column":null}},"2":{"start":{"line":6,"column":8},"end":{"line":12,"column":null}},"3":{"start":{"line":7,"column":12},"end":{"line":11,"column":null}},"4":{"start":{"line":8,"column":16},"end":{"line":8,"column":null}},"5":{"start":{"line":10,"column":16},"end":{"line":10,"column":null}},"6":{"start":{"line":14,"column":4},"end":{"line":14,"column":null}},"7":{"start":{"line":3,"column":0},"end":{"line":3,"column":22}},"8":{"start":{"line":19,"column":20},"end":{"line":19,"column":22}},"9":{"start":{"line":20,"column":4},"end":{"line":28,"column":null}},"10":{"start":{"line":21,"column":8},"end":{"line":27,"column":null}},"11":{"start":{"line":22,"column":12},"end":{"line":26,"column":null}},"12":{"start":{"line":23,"column":16},"end":{"line":23,"column":null}},"13":{"start":{"line":25,"column":16},"end":{"line":25,"column":null}},"14":{"start":{"line":29,"column":4},"end":{"line":29,"column":null}},"15":{"start":{"line":17,"column":0},"end":{"line":17,"column":22}},"16":{"start":{"line":34,"column":20},"end":{"line":34,"column":22}},"17":{"start":{"line":35,"column":4},"end":{"line":43,"column":null}},"18":{"start":{"line":36,"column":8},"end":{"line":42,"column":null}},"19":{"start":{"line":37,"column":12},"end":{"line":41,"column":null}},"20":{"start":{"line":38,"column":16},"end":{"line":38,"column":null}},"21":{"start":{"line":40,"column":16},"end":{"line":40,"column":null}},"22":{"start":{"line":44,"column":4},"end":{"line":44,"column":null}},"23":{"start":{"line":32,"column":0},"end":{"line":32,"column":22}}},"fnMap":{"0":{"name":"getHashtableOptions","decl":{"start":{"line":3,"column":22},"end":{"line":3,"column":41}},"loc":{"start":{"line":3,"column":59},"end":{"line":15,"column":null}}},"1":{"name":"(anonymous_9)","decl":{"start":{"line":5,"column":17},"end":{"line":5,"column":18}},"loc":{"start":{"line":5,"column":35},"end":{"line":13,"column":5}}},"2":{"name":"getHashtableGoals","decl":{"start":{"line":17,"column":22},"end":{"line":17,"column":39}},"loc":{"start":{"line":17,"column":55},"end":{"line":30,"column":null}}},"3":{"name":"(anonymous_12)","decl":{"start":{"line":20,"column":17},"end":{"line":20,"column":18}},"loc":{"start":{"line":20,"column":33},"end":{"line":28,"column":5}}},"4":{"name":"getHashtableScores","decl":{"start":{"line":32,"column":22},"end":{"line":32,"column":40}},"loc":{"start":{"line":32,"column":57},"end":{"line":45,"column":null}}},"5":{"name":"(anonymous_15)","decl":{"start":{"line":35,"column":17},"end":{"line":35,"column":18}},"loc":{"start":{"line":35,"column":34},"end":{"line":43,"column":5}}}},"branchMap":{"0":{"loc":{"start":{"line":6,"column":8},"end":{"line":12,"column":null}},"type":"if","locations":[{"start":{"line":6,"column":8},"end":{"line":12,"column":null}}]},"1":{"loc":{"start":{"line":7,"column":12},"end":{"line":11,"column":null}},"type":"if","locations":[{"start":{"line":7,"column":12},"end":{"line":11,"column":null}},{"start":{"line":9,"column":19},"end":{"line":11,"column":null}}]},"2":{"loc":{"start":{"line":21,"column":8},"end":{"line":27,"column":null}},"type":"if","locations":[{"start":{"line":21,"column":8},"end":{"line":27,"column":null}}]},"3":{"loc":{"start":{"line":22,"column":12},"end":{"line":26,"column":null}},"type":"if","locations":[{"start":{"line":22,"column":12},"end":{"line":26,"column":null}},{"start":{"line":24,"column":19},"end":{"line":26,"column":null}}]},"4":{"loc":{"start":{"line":36,"column":8},"end":{"line":42,"column":null}},"type":"if","locations":[{"start":{"line":36,"column":8},"end":{"line":42,"column":null}}]},"5":{"loc":{"start":{"line":37,"column":12},"end":{"line":41,"column":null}},"type":"if","locations":[{"start":{"line":37,"column":12},"end":{"line":41,"column":null}},{"start":{"line":39,"column":19},"end":{"line":41,"column":null}}]}},"s":{"0":4,"1":4,"2":1,"3":0,"4":0,"5":0,"6":4,"7":2,"8":4,"9":4,"10":1,"11":0,"12":0,"13":0,"14":4,"15":2,"16":4,"17":4,"18":1,"19":1,"20":0,"21":1,"22":4,"23":2},"f":{"0":4,"1":1,"2":4,"3":1,"4":4,"5":1},"b":{"0":[0],"1":[0,0],"2":[0],"3":[0,0],"4":[1],"5":[0,1]}}
,"/home/kayck/Documentos/projeto22-newbets-back/src/utils/fetchData.ts": {"path":"/home/kayck/Documentos/projeto22-newbets-back/src/utils/fetchData.ts","statementMap":{"0":{"start":{"line":1,"column":0},"end":{"line":1,"column":26}},"1":{"start":{"line":5,"column":19},"end":{"line":9,"column":null}},"2":{"start":{"line":10,"column":29},"end":{"line":12,"column":11}},"3":{"start":{"line":14,"column":32},"end":{"line":14,"column":102}},"4":{"start":{"line":14,"column":68},"end":{"line":14,"column":101}},"5":{"start":{"line":15,"column":4},"end":{"line":15,"column":null}},"6":{"start":{"line":4,"column":0},"end":{"line":4,"column":22}}},"fnMap":{"0":{"name":"fetchData","decl":{"start":{"line":4,"column":22},"end":{"line":4,"column":31}},"loc":{"start":{"line":4,"column":42},"end":{"line":17,"column":null}}},"1":{"name":"(anonymous_10)","decl":{"start":{"line":14,"column":55},"end":{"line":14,"column":56}},"loc":{"start":{"line":14,"column":68},"end":{"line":14,"column":101}}}},"branchMap":{},"s":{"0":2,"1":12,"2":12,"3":12,"4":0,"5":12,"6":2},"f":{"0":12,"1":0},"b":{}}
,"/home/kayck/Documentos/projeto22-newbets-back/src/utils/getFixturesIds.ts": {"path":"/home/kayck/Documentos/projeto22-newbets-back/src/utils/getFixturesIds.ts","statementMap":{"0":{"start":{"line":2,"column":15},"end":{"line":2,"column":17}},"1":{"start":{"line":3,"column":4},"end":{"line":5,"column":null}},"2":{"start":{"line":4,"column":8},"end":{"line":4,"column":null}},"3":{"start":{"line":6,"column":4},"end":{"line":6,"column":null}},"4":{"start":{"line":1,"column":0},"end":{"line":1,"column":22}}},"fnMap":{"0":{"name":"getFixturesIds","decl":{"start":{"line":1,"column":22},"end":{"line":1,"column":36}},"loc":{"start":{"line":1,"column":50},"end":{"line":7,"column":null}}},"1":{"name":"(anonymous_9)","decl":{"start":{"line":3,"column":47},"end":{"line":3,"column":49}},"loc":{"start":{"line":3,"column":51},"end":{"line":5,"column":5}}}},"branchMap":{},"s":{"0":12,"1":12,"2":1,"3":12,"4":2},"f":{"0":12,"1":1},"b":{}}
,"/home/kayck/Documentos/projeto22-newbets-back/src/utils/sendEmail.ts": {"path":"/home/kayck/Documentos/projeto22-newbets-back/src/utils/sendEmail.ts","statementMap":{"0":{"start":{"line":1,"column":0},"end":{"line":1,"column":35}},"1":{"start":{"line":2,"column":0},"end":{"line":2,"column":63}},"2":{"start":{"line":5,"column":4},"end":{"line":5,"column":null}},"3":{"start":{"line":6,"column":14},"end":{"line":6,"column":70}},"4":{"start":{"line":7,"column":4},"end":{"line":18,"column":null}},"5":{"start":{"line":8,"column":27},"end":{"line":8,"column":66}},"6":{"start":{"line":9,"column":20},"end":{"line":14,"column":null}},"7":{"start":{"line":15,"column":8},"end":{"line":15,"column":null}},"8":{"start":{"line":17,"column":8},"end":{"line":17,"column":null}},"9":{"start":{"line":4,"column":0},"end":{"line":4,"column":22}}},"fnMap":{"0":{"name":"sendEmail","decl":{"start":{"line":4,"column":22},"end":{"line":4,"column":31}},"loc":{"start":{"line":4,"column":56},"end":{"line":19,"column":null}}}},"branchMap":{},"s":{"0":2,"1":2,"2":7,"3":7,"4":7,"5":7,"6":7,"7":7,"8":0,"9":2},"f":{"0":7},"b":{}}
}
