TN:
SF:factories/betFactory.ts
FN:6,createBetOptionsArrayTest
FN:20,createBetGoalsArrayTest
FN:35,createBetScoresArrayTest
FN:50,createBetOptionsTest
FN:59,createBetGoalsTest
FN:69,createBetScoresTest
FNF:6
FNH:6
FNDA:1,createBetOptionsArrayTest
FNDA:1,createBetGoalsArrayTest
FNDA:1,createBetScoresArrayTest
FNDA:2,createBetOptionsTest
FNDA:1,createBetGoalsTest
FNDA:1,createBetScoresTest
DA:1,2
DA:6,2
DA:7,1
DA:20,2
DA:21,1
DA:35,2
DA:36,1
DA:50,2
DA:51,2
DA:59,2
DA:60,1
DA:69,2
DA:70,1
LF:13
LH:13
BRF:0
BRH:0
end_of_record
TN:
SF:factories/bodyFactory.ts
FN:3,createPostAuthTestBody
FN:15,createPostAuthTestBodyFail
FNF:2
FNH:2
FNDA:7,createPostAuthTestBody
FNDA:1,createPostAuthTestBodyFail
DA:1,2
DA:3,2
DA:4,7
DA:5,7
DA:12,7
DA:15,2
DA:16,1
DA:23,1
LF:8
LH:8
BRF:0
BRH:0
end_of_record
TN:
SF:factories/tokenFactory.ts
FN:6,tokenTestFactory
FNF:1
FNH:1
FNDA:4,tokenTestFactory
DA:1,2
DA:2,2
DA:3,2
DA:4,2
DA:6,2
DA:7,4
DA:8,4
DA:10,4
DA:12,4
DA:17,4
DA:18,4
LF:11
LH:11
BRF:0
BRH:0
end_of_record
TN:
SF:src/database.ts
FNF:0
FNH:0
DA:1,2
DA:3,2
DA:4,2
DA:5,2
LF:4
LH:4
BRF:0
BRH:0
end_of_record
TN:
SF:src/index.ts
FNF:0
FNH:0
DA:1,2
DA:2,2
DA:3,2
DA:4,2
DA:5,2
DA:6,2
DA:8,2
DA:10,2
DA:12,2
DA:13,2
DA:14,2
DA:15,2
DA:17,2
LF:13
LH:13
BRF:0
BRH:0
end_of_record
TN:
SF:src/controllers/authControllers.ts
FN:5,signUp
FN:11,login
FN:28,activation
FN:34,resendEmail
FNF:4
FNH:2
FNDA:7,signUp
FNDA:6,login
FNDA:0,activation
FNDA:0,resendEmail
DA:2,2
DA:3,2
DA:5,2
DA:6,7
DA:7,7
DA:8,7
DA:11,2
DA:12,6
DA:13,6
DA:15,4
DA:16,4
DA:17,4
DA:19,4
DA:21,4
DA:28,2
DA:29,0
DA:30,0
DA:31,0
DA:34,2
DA:35,0
DA:36,0
DA:37,0
LF:22
LH:16
BRF:0
BRH:0
end_of_record
TN:
SF:src/controllers/betControllers.ts
FN:4,createBetOptions
FN:11,createBetGoals
FN:19,createBetScores
FN:26,getHistory
FNF:4
FNH:4
FNDA:2,createBetOptions
FNDA:1,createBetGoals
FNDA:1,createBetScores
FNDA:1,getHistory
DA:2,2
DA:4,2
DA:5,2
DA:6,2
DA:7,2
DA:8,1
DA:11,2
DA:12,1
DA:13,1
DA:14,1
DA:15,1
DA:16,1
DA:19,2
DA:20,1
DA:21,1
DA:22,1
DA:23,1
DA:26,2
DA:27,1
DA:28,1
DA:29,1
LF:21
LH:21
BRF:0
BRH:0
end_of_record
TN:
SF:src/middlewares/errorHandler.ts
FN:10,errorHandlerMiddleware
FNF:1
FNH:1
FNDA:4,errorHandlerMiddleware
DA:3,2
DA:10,2
DA:12,4
DA:14,4
DA:15,4
DA:17,4
DA:18,4
LF:7
LH:7
BRDA:15,0,0,0
BRF:1
BRH:0
end_of_record
TN:
SF:src/middlewares/notFoundError.ts
FN:1,notFoundError
FNF:1
FNH:0
FNDA:0,notFoundError
DA:1,2
DA:2,0
LF:2
LH:1
BRF:0
BRH:0
end_of_record
TN:
SF:src/middlewares/schemaMiddleware.ts
FN:4,schemaValidateMiddleware
FN:5,(anonymous_1)
FNF:2
FNH:2
FNDA:12,schemaValidateMiddleware
FNDA:18,(anonymous_1)
DA:4,2
DA:5,12
DA:6,18
DA:7,18
DA:8,1
DA:9,1
DA:11,17
DA:14,2
LF:8
LH:8
BRDA:7,0,0,1
BRF:1
BRH:1
end_of_record
TN:
SF:src/middlewares/tokenValidation.ts
FN:5,validateToken
FN:12,(anonymous_2)
FNF:2
FNH:2
FNDA:5,validateToken
FNDA:5,(anonymous_2)
DA:1,2
DA:3,2
DA:5,2
DA:6,5
DA:7,5
DA:8,5
DA:10,5
DA:12,5
DA:13,5
DA:14,5
DA:15,5
DA:16,5
LF:12
LH:12
BRDA:7,0,0,0
BRDA:7,0,1,5
BRDA:7,1,0,5
BRDA:7,1,1,5
BRDA:8,2,0,0
BRDA:13,3,0,0
BRDA:14,4,0,5
BRF:7
BRH:4
end_of_record
TN:
SF:src/repositories/authRepository.ts
FN:4,findByEmail
FN:10,findByCPF
FN:16,findByActivationToken
FN:22,insertUser
FN:28,activateEmail
FN:35,updateActivationToken
FNF:6
FNH:4
FNDA:20,findByEmail
FNDA:7,findByCPF
FNDA:0,findByActivationToken
FNDA:7,insertUser
FNDA:5,activateEmail
FNDA:0,updateActivationToken
DA:1,2
DA:5,20
DA:11,7
DA:17,0
DA:23,7
DA:29,5
DA:36,0
DA:42,2
LF:8
LH:6
BRF:0
BRH:0
end_of_record
TN:
SF:src/repositories/betRepository.ts
FN:4,insertBetOptions
FN:10,insertBetGoals
FN:16,insertBetScores
FN:22,updateAvailableMoney
FN:29,findById
FN:35,findOptionBetById
FN:40,findGoalBetById
FN:46,findScoreBetById
FN:52,updateOptionBetToFinished
FN:62,updateGoalBetToFinished
FN:72,updateScoreBetToFinished
FNF:11
FNH:8
FNDA:1,insertBetOptions
FNDA:1,insertBetGoals
FNDA:1,insertBetScores
FNDA:3,updateAvailableMoney
FNDA:19,findById
FNDA:4,findOptionBetById
FNDA:4,findGoalBetById
FNDA:4,findScoreBetById
FNDA:0,updateOptionBetToFinished
FNDA:0,updateGoalBetToFinished
FNDA:0,updateScoreBetToFinished
DA:1,2
DA:5,1
DA:11,1
DA:17,1
DA:23,3
DA:30,19
DA:36,4
DA:41,4
DA:47,4
DA:53,0
DA:63,0
DA:73,0
DA:82,2
LF:13
LH:10
BRF:0
BRH:0
end_of_record
TN:
SF:src/routes/authRoutes.ts
FNF:0
FNH:0
DA:1,2
DA:2,2
DA:3,2
DA:4,2
DA:6,2
DA:8,2
DA:9,2
DA:10,2
DA:11,2
DA:13,2
LF:10
LH:10
BRF:0
BRH:0
end_of_record
TN:
SF:src/routes/betRoutes.ts
FNF:0
FNH:0
DA:1,2
DA:2,2
DA:3,2
DA:4,2
DA:5,2
DA:7,2
DA:9,2
DA:10,2
DA:11,2
DA:12,2
DA:14,2
LF:11
LH:11
BRF:0
BRH:0
end_of_record
TN:
SF:src/routes/index.ts
FNF:0
FNH:0
DA:1,2
DA:2,2
DA:3,2
DA:5,2
DA:6,2
DA:7,2
DA:10,2
LF:7
LH:7
BRF:0
BRH:0
end_of_record
TN:
SF:src/schemas/authSchemas.ts
FNF:0
FNH:0
DA:1,2
DA:3,2
DA:11,2
DA:16,2
LF:4
LH:4
BRF:0
BRH:0
end_of_record
TN:
SF:src/schemas/betSchemas.ts
FNF:0
FNH:0
DA:1,2
DA:3,2
DA:10,2
DA:18,2
LF:4
LH:4
BRF:0
BRH:0
end_of_record
TN:
SF:src/services/authService.ts
FN:12,serviceSignUp
FN:31,serviceLogin
FN:46,serviceActivation
FN:54,serviceResendEmail
FNF:4
FNH:2
FNDA:7,serviceSignUp
FNDA:6,serviceLogin
FNDA:0,serviceActivation
FNDA:0,serviceResendEmail
DA:1,2
DA:2,2
DA:3,2
DA:4,2
DA:5,2
DA:6,2
DA:7,2
DA:10,2
DA:12,2
DA:13,7
DA:14,7
DA:16,7
DA:17,7
DA:18,7
DA:20,7
DA:22,7
DA:23,7
DA:25,7
DA:27,7
DA:28,7
DA:31,2
DA:32,6
DA:33,6
DA:34,6
DA:36,5
DA:37,4
DA:38,4
DA:39,4
DA:40,4
DA:41,4
DA:43,1
DA:46,2
DA:47,0
DA:48,0
DA:49,0
DA:51,0
DA:54,2
DA:55,0
DA:56,0
DA:57,0
DA:59,0
DA:60,0
DA:62,0
LF:43
LH:33
BRDA:14,0,0,0
BRDA:18,1,0,0
BRDA:20,2,0,0
BRDA:33,3,0,0
BRDA:34,4,0,1
BRDA:36,5,0,4
BRDA:36,5,1,1
BRDA:48,6,0,0
BRDA:49,7,0,0
BRDA:56,8,0,0
BRDA:57,9,0,0
BRF:11
BRH:3
end_of_record
TN:
SF:src/services/betService.ts
FN:4,serviceCreateBetOptions
FN:17,serviceCreateBetGoals
FN:30,serviceCreateBetScores
FN:44,serviceGetHistory
FNF:4
FNH:4
FNDA:2,serviceCreateBetOptions
FNDA:1,serviceCreateBetGoals
FNDA:1,serviceCreateBetScores
FNDA:1,serviceGetHistory
DA:1,2
DA:2,2
DA:4,2
DA:5,2
DA:6,2
DA:7,2
DA:9,1
DA:11,1
DA:12,1
DA:14,1
DA:17,2
DA:18,1
DA:19,1
DA:20,1
DA:22,1
DA:24,1
DA:25,1
DA:27,1
DA:30,2
DA:31,1
DA:32,1
DA:33,1
DA:35,1
DA:37,1
DA:38,1
DA:40,1
DA:44,2
DA:45,1
DA:46,1
DA:47,1
DA:49,1
LF:31
LH:31
BRDA:6,0,0,0
BRDA:7,1,0,1
BRDA:19,2,0,0
BRDA:20,3,0,0
BRDA:32,4,0,0
BRDA:33,5,0,0
BRF:6
BRH:1
end_of_record
TN:
SF:src/services/checkService.ts
FN:9,serviceCheckBetsOptions
FN:23,(anonymous_10)
FN:23,(anonymous_11)
FN:25,(anonymous_12)
FN:25,(anonymous_13)
FN:52,serviceCheckBetsGoals
FN:66,(anonymous_16)
FN:66,(anonymous_17)
FN:67,(anonymous_18)
FN:67,(anonymous_19)
FN:90,serviceCheckBetsScores
FN:104,(anonymous_22)
FN:104,(anonymous_23)
FN:105,(anonymous_24)
FN:105,(anonymous_25)
FN:122,serviceGetAvailableAmount
FNF:16
FNH:4
FNDA:4,serviceCheckBetsOptions
FNDA:0,(anonymous_10)
FNDA:0,(anonymous_11)
FNDA:0,(anonymous_12)
FNDA:0,(anonymous_13)
FNDA:4,serviceCheckBetsGoals
FNDA:0,(anonymous_16)
FNDA:0,(anonymous_17)
FNDA:0,(anonymous_18)
FNDA:0,(anonymous_19)
FNDA:4,serviceCheckBetsScores
FNDA:0,(anonymous_22)
FNDA:0,(anonymous_23)
FNDA:0,(anonymous_24)
FNDA:0,(anonymous_25)
FNDA:4,serviceGetAvailableAmount
DA:1,2
DA:2,2
DA:4,2
DA:5,2
DA:6,2
DA:9,2
DA:10,4
DA:11,4
DA:13,4
DA:15,4
DA:16,4
DA:18,4
DA:20,4
DA:21,4
DA:23,4
DA:25,0
DA:26,0
DA:27,0
DA:28,0
DA:29,0
DA:31,0
DA:32,0
DA:33,0
DA:34,0
DA:36,0
DA:37,0
DA:38,0
DA:39,0
DA:41,0
DA:42,0
DA:43,0
DA:44,0
DA:47,0
DA:52,2
DA:53,4
DA:54,4
DA:56,4
DA:58,4
DA:59,4
DA:61,4
DA:63,4
DA:64,4
DA:66,4
DA:67,0
DA:68,0
DA:69,0
DA:70,0
DA:71,0
DA:72,0
DA:73,0
DA:74,0
DA:79,0
DA:80,0
DA:81,0
DA:85,0
DA:90,2
DA:91,4
DA:92,4
DA:94,4
DA:96,4
DA:97,4
DA:99,4
DA:101,4
DA:102,4
DA:104,4
DA:105,0
DA:106,0
DA:107,0
DA:108,0
DA:109,0
DA:110,0
DA:111,0
DA:112,0
DA:113,0
DA:114,0
DA:117,0
DA:122,2
DA:123,4
DA:124,4
DA:126,4
LF:80
LH:39
BRDA:11,0,0,0
BRDA:16,1,0,0
BRDA:31,2,0,0
BRDA:31,3,0,0
BRDA:31,3,1,0
BRDA:36,4,0,0
BRDA:36,5,0,0
BRDA:36,5,1,0
BRDA:41,6,0,0
BRDA:41,7,0,0
BRDA:41,7,1,0
BRDA:41,7,2,0
BRDA:54,8,0,0
BRDA:59,9,0,0
BRDA:74,10,0,0
BRDA:74,11,0,0
BRDA:74,11,1,0
BRDA:74,11,2,0
BRDA:74,11,3,0
BRDA:92,12,0,0
BRDA:97,13,0,0
BRDA:111,14,0,0
BRDA:111,15,0,0
BRDA:111,15,1,0
BRDA:124,16,0,0
BRF:25
BRH:0
end_of_record
TN:
SF:src/utils/createHashtable.ts
FN:3,getHashtableOptions
FN:5,(anonymous_9)
FN:17,getHashtableGoals
FN:20,(anonymous_12)
FN:32,getHashtableScores
FN:35,(anonymous_15)
FNF:6
FNH:6
FNDA:4,getHashtableOptions
FNDA:1,(anonymous_9)
FNDA:4,getHashtableGoals
FNDA:1,(anonymous_12)
FNDA:4,getHashtableScores
FNDA:1,(anonymous_15)
DA:3,2
DA:4,4
DA:5,4
DA:6,1
DA:7,0
DA:8,0
DA:10,0
DA:14,4
DA:17,2
DA:19,4
DA:20,4
DA:21,1
DA:22,0
DA:23,0
DA:25,0
DA:29,4
DA:32,2
DA:34,4
DA:35,4
DA:36,1
DA:37,1
DA:38,0
DA:40,1
DA:44,4
LF:24
LH:17
BRDA:6,0,0,0
BRDA:7,1,0,0
BRDA:7,1,1,0
BRDA:21,2,0,0
BRDA:22,3,0,0
BRDA:22,3,1,0
BRDA:36,4,0,1
BRDA:37,5,0,0
BRDA:37,5,1,1
BRF:9
BRH:2
end_of_record
TN:
SF:src/utils/fetchData.ts
FN:4,fetchData
FN:14,(anonymous_10)
FNF:2
FNH:1
FNDA:12,fetchData
FNDA:0,(anonymous_10)
DA:1,2
DA:4,2
DA:5,12
DA:10,12
DA:14,12
DA:15,12
LF:6
LH:6
BRF:0
BRH:0
end_of_record
TN:
SF:src/utils/getFixturesIds.ts
FN:1,getFixturesIds
FN:3,(anonymous_9)
FNF:2
FNH:2
FNDA:12,getFixturesIds
FNDA:1,(anonymous_9)
DA:1,2
DA:2,12
DA:3,12
DA:4,1
DA:6,12
LF:5
LH:5
BRF:0
BRH:0
end_of_record
TN:
SF:src/utils/sendEmail.ts
FN:4,sendEmail
FNF:1
FNH:1
FNDA:7,sendEmail
DA:1,2
DA:2,2
DA:4,2
DA:5,7
DA:6,7
DA:7,7
DA:8,7
DA:9,7
DA:15,7
DA:17,0
LF:10
LH:9
BRF:0
BRH:0
end_of_record
